0 info it worked if it ends with ok
1 verbose cli [ '/usr/local/bin/node',
1 verbose cli   '/usr/local/lib/node_modules/npm/bin/npm-cli.js',
1 verbose cli   'run',
1 verbose cli   'start',
1 verbose cli   '--scripts-prepend-node-path=auto' ]
2 info using npm@3.10.10
3 info using node@v6.11.3
4 verbose run-script [ 'prestart', 'start', 'poststart' ]
5 info lifecycle nodeBabelHapi@1.0.0~prestart: nodeBabelHapi@1.0.0
6 silly lifecycle nodeBabelHapi@1.0.0~prestart: no script for prestart, continuing
7 info lifecycle nodeBabelHapi@1.0.0~start: nodeBabelHapi@1.0.0
8 verbose lifecycle nodeBabelHapi@1.0.0~start: unsafe-perm in lifecycle true
9 verbose lifecycle nodeBabelHapi@1.0.0~start: PATH: /usr/local/lib/node_modules/npm/bin/node-gyp-bin:/Users/jonasmyrenas/Projects/Private/artbingo/backend/node_modules/.bin:/Users/jonasmyrenas/Library/Python/2.7/bin/:/usr/local/bin:/usr/bin:/bin:/usr/sbin:/sbin:/usr/local/MacGPG2/bin
10 verbose lifecycle nodeBabelHapi@1.0.0~start: CWD: /Users/jonasmyrenas/Projects/Private/artbingo/backend
11 silly lifecycle nodeBabelHapi@1.0.0~start: Args: [ '-c', 'node server/index.js --exec babel-node' ]
12 silly lifecycle nodeBabelHapi@1.0.0~start: Returned: code: 1  signal: null
13 info lifecycle nodeBabelHapi@1.0.0~start: Failed to exec start script
14 verbose stack Error: nodeBabelHapi@1.0.0 start: `node server/index.js --exec babel-node`
14 verbose stack Exit status 1
14 verbose stack     at EventEmitter.<anonymous> (/usr/local/lib/node_modules/npm/lib/utils/lifecycle.js:255:16)
14 verbose stack     at emitTwo (events.js:106:13)
14 verbose stack     at EventEmitter.emit (events.js:191:7)
14 verbose stack     at ChildProcess.<anonymous> (/usr/local/lib/node_modules/npm/lib/utils/spawn.js:40:14)
14 verbose stack     at emitTwo (events.js:106:13)
14 verbose stack     at ChildProcess.emit (events.js:191:7)
14 verbose stack     at maybeClose (internal/child_process.js:920:16)
14 verbose stack     at Process.ChildProcess._handle.onexit (internal/child_process.js:230:5)
15 verbose pkgid nodeBabelHapi@1.0.0
16 verbose cwd /Users/jonasmyrenas/Projects/Private/artbingo/backend
17 error Darwin 17.3.0
18 error argv "/usr/local/bin/node" "/usr/local/lib/node_modules/npm/bin/npm-cli.js" "run" "start" "--scripts-prepend-node-path=auto"
19 error node v6.11.3
20 error npm  v3.10.10
21 error code ELIFECYCLE
22 error nodeBabelHapi@1.0.0 start: `node server/index.js --exec babel-node`
22 error Exit status 1
23 error Failed at the nodeBabelHapi@1.0.0 start script 'node server/index.js --exec babel-node'.
23 error Make sure you have the latest version of node.js and npm installed.
23 error If you do, this is most likely a problem with the nodeBabelHapi package,
23 error not with npm itself.
23 error Tell the author that this fails on your system:
23 error     node server/index.js --exec babel-node
23 error You can get information on how to open an issue for this project with:
23 error     npm bugs nodeBabelHapi
23 error Or if that isn't available, you can get their info via:
23 error     npm owner ls nodeBabelHapi
23 error There is likely additional logging output above.
24 verbose exit [ 1, true ]
